Arguments: 
  /usr/bin/node /home/sjg/git/devops/k8s/my-backend2/.yarn/releases/yarn-1.22.10.cjs init

PATH: 
  /usr/local/sbin:/usr/local/bin:/usr/bin:/usr/lib/jvm/default/bin:/usr/bin/site_perl:/usr/bin/vendor_perl:/usr/bin/core_perl:/home/sjg/.local/bin:/usr/lib/jvm/default/bin:/home/sjg/.local/bin

Yarn version: 
  1.22.10

Node version: 
  16.1.0

Platform: 
  linux x64

Trace: 
  Error: canceled
      at Interface.<anonymous> (/home/sjg/git/devops/k8s/my-backend2/.yarn/releases/yarn-1.22.10.cjs:131420:13)
      at Interface.emit (node:events:365:28)
      at Interface._ttyWrite (node:readline:998:16)
      at ReadStream.onkeypress (node:readline:262:10)
      at ReadStream.emit (node:events:365:28)
      at emitKeys (node:internal/readline/utils:358:14)
      at emitKeys.next (<anonymous>)
      at ReadStream.onData (node:internal/readline/emitKeypressEvents:61:36)
      at ReadStream.emit (node:events:365:28)
      at addChunk (node:internal/streams/readable:314:12)

npm manifest: 
  No manifest

yarn manifest: 
  No manifest

Lockfile: 
  
